生成启动时间为 2020/6/13 11:03:50。
     1>项目“F:\my_HLA_RadarSystem20200612 - 副本\my_HLA_RadarSystem\my_HLA_RadarSystem.vcxproj”在节点 2 上(Build 个目标)。
     1>C:\Program Files (x86)\MSBuild\Microsoft.Cpp\v4.0\V140\Microsoft.CppBuild.targets(368,5): warning MSB8004: Output Directory does not end with a trailing slash.  This build instance will add the slash as it is required to allow proper evaluation of the Output Directory.
     1>ClCompile:
         D:\vs2015\VC\bin\CL.exe /c /IF:\my_HLA_RadarSystem\my_HLA_RadarSystem\include /ZI /nologo /W3 /WX- /sdl /Od /Oy- /D _CRT_SECURE_NO_WARNINGS /D WIN32 /D _DEBUG /D _CONSOLE /D _UNICODE /D UNICODE /Gm /EHsc /RTC1 /MDd /GS /fp:precise /Zc:wchar_t /Zc:forScope /Zc:inline /Fo"Debug\\" /Fd"Debug\vc140.pdb" /Gd /TP /analyze- /errorReport:prompt Main.cpp Radar.cpp RadarSysFederateAmbassador.cpp
         Radar.cpp
         Main.cpp
     1>f:\my_hla_radarsystem20200612 - 副本\my_hla_radarsystem\main.cpp(85): warning C4129: “m”: 不可识别的字符转义序列
         正在生成代码...
         正在编译...
         RadarSysFederateAmbassador.cpp
         正在生成代码...
       Link:
         D:\vs2015\VC\bin\link.exe /ERRORREPORT:PROMPT /OUT:".\Debug\RadarSys1.exe" /INCREMENTAL /NOLOGO /LIBPATH:F:\my_HLA_RadarSystem\my_HLA_RadarSystem\lib libConsole.lib libConsoled.lib libFedTime.lib libFedTimed.lib librtiInternalIntercept.lib librtiInternalInterceptd.lib "libRTI-NG.lib" "libRTI-NGd.lib" userDdm.lib userDdmd.lib kernel32.lib user32.lib gdi32.lib winspool.lib comdlg32.lib advapi32.lib shell32.lib ole32.lib oleaut32.lib uuid.lib odbc32.lib odbccp32.lib /MANIFEST /MANIFESTUAC:"level='asInvoker' uiAccess='false'" /manifest:embed /Debug /PDB:".\Debug\RadarSys1.pdb" /SUBSYSTEM:CONSOLE /TLBID:1 /DYNAMICBASE /NXCOMPAT /IMPLIB:".\Debug\RadarSys1.lib" /MACHINE:X86 Debug\Radar.obj
         Debug\Main.obj
         Debug\RadarSysFederateAmbassador.obj
         Debug\stdafx.obj
         Debug\Target.obj
         my_HLA_RadarSystem.vcxproj -> F:\my_HLA_RadarSystem20200612 - 副本\my_HLA_RadarSystem\.\Debug\RadarSys1.exe
     1>已完成生成项目“F:\my_HLA_RadarSystem20200612 - 副本\my_HLA_RadarSystem\my_HLA_RadarSystem.vcxproj”(Build 个目标)的操作。

已成功生成。

已用时间 00:00:02.45
