生成启动时间为 2020/6/24 12:14:06。
     1>项目“F:\my_HLA_RadarSystem20200614 - All finished! - Revised\my_HLA_RadarSystem\my_HLA_RadarSystem.vcxproj”在节点 2 上(Build 个目标)。
     1>ClCompile:
         D:\vs2015\VC\bin\CL.exe /c /Zi /nologo /W3 /WX- /sdl /O2 /Oi /Oy- /GL /D _CRT_SECURE_NO_WARNINGS /D WIN32 /D NDEBUG /D _CONSOLE /D _UNICODE /D UNICODE /Gm- /EHsc /MD /GS /Gy /fp:precise /Zc:wchar_t /Zc:forScope /Zc:inline /Fo"Release\\" /Fd"Release\vc140.pdb" /Gd /TP /analyze- /errorReport:prompt Main.cpp
         Main.cpp
     1>Main.cpp(85): warning C4129: “m”: 不可识别的字符转义序列
       Link:
         D:\vs2015\VC\bin\link.exe /ERRORREPORT:PROMPT /OUT:"F:\my_HLA_RadarSystem20200614 - All finished! - Revised\Release\RadarSys1.exe" /INCREMENTAL:NO /NOLOGO libConsole.lib libConsoled.lib libFedTime.lib libFedTimed.lib librtiInternalIntercept.lib librtiInternalInterceptd.lib "libRTI-NG.lib" "libRTI-NGd.lib" userDdm.lib userDdmd.lib kernel32.lib user32.lib gdi32.lib winspool.lib comdlg32.lib advapi32.lib shell32.lib ole32.lib oleaut32.lib uuid.lib odbc32.lib odbccp32.lib /MANIFEST /MANIFESTUAC:"level='asInvoker' uiAccess='false'" /manifest:embed /Debug /PDB:"F:\my_HLA_RadarSystem20200614 - All finished! - Revised\Release\RadarSys1.pdb" /SUBSYSTEM:CONSOLE /OPT:REF /OPT:ICF /LTCG:incremental /TLBID:1 /DYNAMICBASE /NXCOMPAT /IMPLIB:"F:\my_HLA_RadarSystem20200614 - All finished! - Revised\Release\RadarSys1.lib" /MACHINE:X86 /SAFESEH Release\Radar.obj
         Release\Main.obj
         Release\RadarSysFederateAmbassador.obj
         Release\stdafx.obj
         Release\Target.obj
         正在生成代码
         2 of 241 functions ( 0.8%) were compiled, the rest were copied from previous compilation.
           0 functions were new in current compilation
           44 functions had inline decision re-evaluated but remain unchanged
         已完成代码的生成
         my_HLA_RadarSystem.vcxproj -> F:\my_HLA_RadarSystem20200614 - All finished! - Revised\Release\RadarSys1.exe
     1>已完成生成项目“F:\my_HLA_RadarSystem20200614 - All finished! - Revised\my_HLA_RadarSystem\my_HLA_RadarSystem.vcxproj”(Build 个目标)的操作。

已成功生成。

已用时间 00:00:01.60
